<?xml version="1.0" encoding="UTF-8"?>
<testsuite name="trees.AppTest" tests="3" skipped="0" failures="0" errors="0" timestamp="2021-10-17T19:58:43" hostname="DESKTOP-GRI4TMA" time="0.044">
  <properties/>
  <testcase name="max()" classname="trees.AppTest" time="0.035"/>
  <testcase name="maxEmpty()" classname="trees.AppTest" time="0.002"/>
  <testcase name="appHasAGreeting()" classname="trees.AppTest" time="0.004"/>
  <system-out><![CDATA[]]></system-out>
  <system-err><![CDATA[]]></system-err>
</testsuite>
