<?xml version="1.0" encoding="UTF-8"?>
<testsuite name="trees.AppTest" tests="1" skipped="0" failures="0" errors="0" timestamp="2021-10-30T23:01:20" hostname="DESKTOP-GRI4TMA" time="0.033">
  <properties/>
  <testcase name="testFizzBuzz()" classname="trees.AppTest" time="0.033"/>
  <system-out><![CDATA[]]></system-out>
  <system-err><![CDATA[]]></system-err>
</testsuite>
